<?xml version="1.0" encoding="UTF-8"?>
<testng-results ignored="0" total="4" passed="4" failed="0" skipped="0">
  <reporter-output>
  </reporter-output>
  <suite started-at="2023-06-18T23:24:31 IST" name="Default suite" finished-at="2023-06-18T23:24:52 IST" duration-ms="20758">
    <groups>
      <group name="cucumber">
        <method signature="AbstractTestNGCucumberTests.runScenario(io.cucumber.testng.PickleWrapper,io.cucumber.testng.FeatureWrapper)[pri:0, instance:com.runner.TestRunner@6fa51cd4]" name="runScenario" class="io.cucumber.testng.AbstractTestNGCucumberTests"/>
      </group> <!-- cucumber -->
    </groups>
    <test started-at="2023-06-18T23:24:31 IST" name="Default test" finished-at="2023-06-18T23:24:52 IST" duration-ms="20758">
      <class name="com.runner.TestRunner">
        <test-method is-config="true" signature="setUpClass(org.testng.ITestContext)[pri:0, instance:com.runner.TestRunner@6fa51cd4]" started-at="2023-06-18T23:24:31 IST" name="setUpClass" finished-at="2023-06-18T23:24:31 IST" duration-ms="324" status="PASS">
          <params>
            <param index="0">
              <value>
                <![CDATA[org.testng.TestRunner@200d1a3d]]>
              </value>
            </param>
          </params>
          <reporter-output>
          </reporter-output>
        </test-method> <!-- setUpClass -->
        <test-method signature="runScenario(io.cucumber.testng.PickleWrapper,io.cucumber.testng.FeatureWrapper)[pri:0, instance:com.runner.TestRunner@6fa51cd4]" started-at="2023-06-18T23:24:31 IST" name="runScenario" description="Runs Cucumber Scenarios" data-provider="scenarios" finished-at="2023-06-18T23:24:38 IST" duration-ms="6902" status="PASS">
          <params>
            <param index="0">
              <value>
                <![CDATA["To validate Login Page By entering correct username and correct password"]]>
              </value>
            </param>
            <param index="1">
              <value>
                <![CDATA["To validate Adactin Login Page"]]>
              </value>
            </param>
          </params>
          <reporter-output>
          </reporter-output>
        </test-method> <!-- runScenario -->
        <test-method signature="runScenario(io.cucumber.testng.PickleWrapper,io.cucumber.testng.FeatureWrapper)[pri:0, instance:com.runner.TestRunner@6fa51cd4]" started-at="2023-06-18T23:24:38 IST" name="runScenario" description="Runs Cucumber Scenarios" data-provider="scenarios" finished-at="2023-06-18T23:24:40 IST" duration-ms="1959" status="PASS">
          <params>
            <param index="0">
              <value>
                <![CDATA["To validate the booking feature by entering the location,hotel name etc."]]>
              </value>
            </param>
            <param index="1">
              <value>
                <![CDATA["To validate the Search Hotel feature of the application"]]>
              </value>
            </param>
          </params>
          <reporter-output>
          </reporter-output>
        </test-method> <!-- runScenario -->
        <test-method signature="runScenario(io.cucumber.testng.PickleWrapper,io.cucumber.testng.FeatureWrapper)[pri:0, instance:com.runner.TestRunner@6fa51cd4]" started-at="2023-06-18T23:24:40 IST" name="runScenario" description="Runs Cucumber Scenarios" data-provider="scenarios" finished-at="2023-06-18T23:24:42 IST" duration-ms="1422" status="PASS">
          <params>
            <param index="0">
              <value>
                <![CDATA["To validate Whether user able to continue booking"]]>
              </value>
            </param>
            <param index="1">
              <value>
                <![CDATA["To validate Select Page Feature"]]>
              </value>
            </param>
          </params>
          <reporter-output>
          </reporter-output>
        </test-method> <!-- runScenario -->
        <test-method signature="runScenario(io.cucumber.testng.PickleWrapper,io.cucumber.testng.FeatureWrapper)[pri:0, instance:com.runner.TestRunner@6fa51cd4]" started-at="2023-06-18T23:24:42 IST" name="runScenario" description="Runs Cucumber Scenarios" data-provider="scenarios" finished-at="2023-06-18T23:24:52 IST" duration-ms="10082" status="PASS">
          <params>
            <param index="0">
              <value>
                <![CDATA["To check whether user able enter details and confirm"]]>
              </value>
            </param>
            <param index="1">
              <value>
                <![CDATA["To check the confirmation page"]]>
              </value>
            </param>
          </params>
          <reporter-output>
          </reporter-output>
        </test-method> <!-- runScenario -->
        <test-method is-config="true" signature="tearDownClass()[pri:0, instance:com.runner.TestRunner@6fa51cd4]" started-at="2023-06-18T23:24:52 IST" name="tearDownClass" finished-at="2023-06-18T23:24:52 IST" duration-ms="4" status="PASS">
          <reporter-output>
          </reporter-output>
        </test-method> <!-- tearDownClass -->
      </class> <!-- com.runner.TestRunner -->
    </test> <!-- Default test -->
  </suite> <!-- Default suite -->
</testng-results>
